2023-04-06 10:02:39:414 [Appium] Welcome to Appium v2.0.0-beta.60 (REV 4d0154fa7926e8a7b06e9b074dd45957e820407c)
2023-04-06 10:02:39:415 [Appium] Non-default server args:
2023-04-06 10:02:39:416 [Appium] { port: 23413, sessionOverride: true }
2023-04-06 10:02:39:416 [Appium] Attempting to load driver xcuitest...
2023-04-06 10:02:39:417 [Appium] Requiring driver at /Users/codeprismtechnologies/.appium/node_modules/appium-xcuitest-driver
2023-04-06 10:02:39:934 [Appium] Appium REST http interface listener started on 0.0.0.0:23413
2023-04-06 10:02:39:934 [Appium] Available drivers:
2023-04-06 10:02:39:934 [Appium]   - xcuitest@4.21.7 (automationName 'XCUITest')
2023-04-06 10:02:39:934 [Appium] No plugins have been installed. Use the "appium plugin" command to install the one(s) you want to use.
2023-04-06 10:02:40:131 [HTTP] --> GET /status
2023-04-06 10:02:40:131 [HTTP] {}
2023-04-06 10:02:40:132 [AppiumDriver@8f69] Calling AppiumDriver.getStatus() with args: []
2023-04-06 10:02:40:134 [AppiumDriver@8f69] Responding to client with driver.getStatus() result: {"build":{"version":"2.0.0-beta.60","git-sha":"4d0154fa7926e8a7b06e9b074dd45957e820407c","built":"2023-02-27 12:45:49 +0000"}}
2023-04-06 10:02:40:138 [HTTP] <-- GET /status 200 6 ms - 136
2023-04-06 10:02:40:139 [HTTP] 
2023-04-06 10:02:40:144 [HTTP] --> GET /status
2023-04-06 10:02:40:144 [HTTP] {}
2023-04-06 10:02:40:144 [AppiumDriver@8f69] Calling AppiumDriver.getStatus() with args: []
2023-04-06 10:02:40:145 [AppiumDriver@8f69] Responding to client with driver.getStatus() result: {"build":{"version":"2.0.0-beta.60","git-sha":"4d0154fa7926e8a7b06e9b074dd45957e820407c","built":"2023-02-27 12:45:49 +0000"}}
2023-04-06 10:02:40:145 [HTTP] <-- GET /status 200 1 ms - 136
2023-04-06 10:02:40:146 [HTTP] 
2023-04-06 10:02:40:507 [HTTP] Request idempotency key: dce46cbc-ab18-415f-98e7-da18db424782
2023-04-06 10:02:40:516 [HTTP] --> POST /session
2023-04-06 10:02:40:516 [HTTP] {"capabilities":{"firstMatch":[{}],"alwaysMatch":{"appium:app":"/Users/codeprismtechnologies/eclipse-workspace/NFC_NationalFitnessCourt/target/test-classes/apps//FitnessCourt.ipa","appium:automationName":"XCUITest","appium:bundleId":"com.nationalfitnesscampaign.FitnessCourtLive","appium:deviceName":"iPhone 12","appium:udid":"00008101-00124C920280801E","appium:wdaLocalPort":"10001","appium:webkitDebugProxyPort":"11001","appium:xcodeOrgId":"F6427Z3G93","appium:xcodeSigningId":"iPhone Developer","platformName":"ios"}}}
2023-04-06 10:02:40:516 [AppiumDriver@8f69] Calling AppiumDriver.createSession() with args: [null,null,{"firstMatch":[{}],"alwaysMatch":{"appium:app":"/Users/codeprismtechnologies/eclipse-workspace/NFC_NationalFitnessCourt/target/test-classes/apps//FitnessCourt.ipa","appium:automationName":"XCUITest","appium:bundleId":"com.nationalfitnesscampaign.FitnessCourtLive","appium:deviceName":"iPhone 12","appium:udid":"00008101-00124C920280801E","appium:wdaLocalPort":"10001","appium:webkitDebugProxyPort":"11001","appium:xcodeOrgId":"F6427Z3G93","appium:xcodeSigningId":"iPhone Developer","platformName":"ios"}}]
2023-04-06 10:02:40:516 [AppiumDriver@8f69] Event 'newSessionRequested' logged at 1680775360516 (15:32:40 GMT+0530 (India Standard Time))
2023-04-06 10:02:40:518 [Appium] Attempting to find matching driver for automationName 'XCUITest' and platformName 'ios'
2023-04-06 10:02:40:518 [Appium] The 'xcuitest' driver was installed and matched caps.
2023-04-06 10:02:40:518 [Appium] Will require it at /Users/codeprismtechnologies/.appium/node_modules/appium-xcuitest-driver
2023-04-06 10:02:40:518 [Appium] Requiring driver at /Users/codeprismtechnologies/.appium/node_modules/appium-xcuitest-driver
2023-04-06 10:02:40:518 [AppiumDriver@8f69] Appium v2.0.0-beta.60 creating new XCUITestDriver (v4.21.7) session
2023-04-06 10:02:40:518 [AppiumDriver@8f69] Checking BaseDriver versions for Appium and XCUITestDriver
2023-04-06 10:02:40:518 [AppiumDriver@8f69] Appium's BaseDriver version is 9.3.5
2023-04-06 10:02:40:518 [AppiumDriver@8f69] XCUITestDriver's BaseDriver version is 9.3.5
2023-04-06 10:02:40:518 [AppiumDriver@8f69] There are no active sessions for cleanup
2023-04-06 10:02:40:520 [XCUITestDriver@5d1f] Creating session with W3C capabilities: {
2023-04-06 10:02:40:520 [XCUITestDriver@5d1f]   "alwaysMatch": {
2023-04-06 10:02:40:520 [XCUITestDriver@5d1f]     "platformName": "ios",
2023-04-06 10:02:40:520 [XCUITestDriver@5d1f]     "appium:app": "/Users/codeprismtechnologies/eclipse-workspace/NFC_NationalFitnessCourt/target/test-classes/apps//FitnessCourt.ipa",
2023-04-06 10:02:40:520 [XCUITestDriver@5d1f]     "appium:automationName": "XCUITest",
2023-04-06 10:02:40:520 [XCUITestDriver@5d1f]     "appium:bundleId": "com.nationalfitnesscampaign.FitnessCourtLive",
2023-04-06 10:02:40:520 [XCUITestDriver@5d1f]     "appium:deviceName": "iPhone 12",
2023-04-06 10:02:40:520 [XCUITestDriver@5d1f]     "appium:udid": "00008101-00124C920280801E",
2023-04-06 10:02:40:520 [XCUITestDriver@5d1f]     "appium:wdaLocalPort": "10001",
2023-04-06 10:02:40:520 [XCUITestDriver@5d1f]     "appium:webkitDebugProxyPort": "11001",
2023-04-06 10:02:40:520 [XCUITestDriver@5d1f]     "appium:xcodeOrgId": "F6427Z3G93",
2023-04-06 10:02:40:520 [XCUITestDriver@5d1f]     "appium:xcodeSigningId": "iPhone Developer"
2023-04-06 10:02:40:520 [XCUITestDriver@5d1f]   },
2023-04-06 10:02:40:520 [XCUITestDriver@5d1f]   "firstMatch": [
2023-04-06 10:02:40:520 [XCUITestDriver@5d1f]     {}
2023-04-06 10:02:40:520 [XCUITestDriver@5d1f]   ]
2023-04-06 10:02:40:520 [XCUITestDriver@5d1f] }
2023-04-06 10:02:40:521 [BaseDriver] Number capability passed in as string. Functionality may be compromised.
2023-04-06 10:02:40:522 [XCUITestDriver@5d1f] Capability 'wdaLocalPort' changed from string ('10001') to integer (10001). This may cause unexpected behavior
2023-04-06 10:02:40:523 [XCUITestDriver@5d1f] The following capabilities were provided, but are not recognized by Appium:
2023-04-06 10:02:40:523 [XCUITestDriver@5d1f]   webkitDebugProxyPort
2023-04-06 10:02:40:523 [XCUITestDriver@5d1f] 'platformVersion' capability ('undefined') is not a valid version number. Consider fixing it or be ready to experience an inconsistent driver behavior.
2023-04-06 10:02:40:523 [XCUITestDriver@5d1f (6433cc57)] Session created with session id: 6433cc57-5ddf-4cdf-a940-bd761375ae2c
2023-04-06 10:02:40:530 [XCUITest] Current user: 'codeprismtechnologies'
2023-04-06 10:02:40:537 [XCUITestDriver@5d1f (6433cc57)] Available devices: 00008030-000824221128802E
2023-04-06 10:02:40:537 [XCUITestDriver@5d1f (6433cc57)] No real device with udid '00008101-00124C920280801E'. Looking for simulator
2023-04-06 10:02:40:774 [XCUITestDriver@5d1f (6433cc57)] {}
2023-04-06 10:02:40:775 [DevCon Factory] Releasing connections for 00008101-00124C920280801E device on any port number
2023-04-06 10:02:40:775 [DevCon Factory] No cached connections have been found
2023-04-06 10:02:40:775 [AppiumDriver@8f69] Event 'newSessionStarted' logged at 1680775360775 (15:32:40 GMT+0530 (India Standard Time))
2023-04-06 10:02:40:791 [AppiumDriver@8f69] Encountered internal error running command: Error: Unknown device or simulator UDID: '00008101-00124C920280801E'
2023-04-06 10:02:40:791 [AppiumDriver@8f69]     at XCUITestDriver.determineDevice (/Users/codeprismtechnologies/.appium/node_modules/appium-xcuitest-driver/lib/driver.js:1065:19)
2023-04-06 10:02:40:791 [AppiumDriver@8f69]     at XCUITestDriver.start (/Users/codeprismtechnologies/.appium/node_modules/appium-xcuitest-driver/lib/driver.js:365:40)
2023-04-06 10:02:40:791 [AppiumDriver@8f69]     at XCUITestDriver.createSession (/Users/codeprismtechnologies/.appium/node_modules/appium-xcuitest-driver/lib/driver.js:289:7)
2023-04-06 10:02:40:791 [AppiumDriver@8f69]     at AppiumDriver.createSession (/opt/homebrew/lib/node_modules/appium/lib/appium.js:346:35)
2023-04-06 10:02:40:795 [HTTP] <-- POST /session 500 280 ms - 628
2023-04-06 10:02:40:795 [HTTP] 
2023-04-06 10:02:40:836 [Appium] Received SIGTERM - shutting down
2023-04-06 10:02:40:836 [AppiumDriver@8f69] There are no active sessions for cleanup
2023-04-06 10:02:40:837 uncaughtException: write EPIPE
Error: write EPIPE
    at afterWriteDispatched (node:internal/stream_base_commons:160:15)
    at writeGeneric (node:internal/stream_base_commons:151:3)
    at Socket._writeGeneric (node:net:923:11)
    at Socket._write (node:net:935:8)
    at writeOrBuffer (node:internal/streams/writable:392:12)
    at _write (node:internal/streams/writable:333:10)
    at Socket.Writable.write (node:internal/streams/writable:337:10)
    at Console.log (/opt/homebrew/lib/node_modules/appium/node_modules/winston/lib/winston/transports/console.js:79:23)
    at Console._write (/opt/homebrew/lib/node_modules/appium/node_modules/winston-transport/index.js:103:17)
    at doWrite (/opt/homebrew/lib/node_modules/appium/node_modules/readable-stream/lib/_stream_writable.js:390:139)
    at writeOrBuffer (/opt/homebrew/lib/node_modules/appium/node_modules/readable-stream/lib/_stream_writable.js:381:5)
    at Console.Writable.write (/opt/homebrew/lib/node_modules/appium/node_modules/readable-stream/lib/_stream_writable.js:302:11)
    at DerivedLogger.ondata (/opt/homebrew/lib/node_modules/appium/node_modules/readable-stream/lib/_stream_readable.js:629:20)
    at DerivedLogger.emit (node:events:524:35)
    at addChunk (/opt/homebrew/lib/node_modules/appium/node_modules/readable-stream/lib/_stream_readable.js:279:12)
    at readableAddChunk (/opt/homebrew/lib/node_modules/appium/node_modules/readable-stream/lib/_stream_readable.js:262:11)
    at DerivedLogger.Readable.push (/opt/homebrew/lib/node_modules/appium/node_modules/readable-stream/lib/_stream_readable.js:228:10)
    at DerivedLogger.Transform.push (/opt/homebrew/lib/node_modules/appium/node_modules/readable-stream/lib/_stream_transform.js:132:32)
    at DerivedLogger._transform (/opt/homebrew/lib/node_modules/appium/node_modules/winston/lib/winston/logger.js:313:12)
    at DerivedLogger.Transform._read (/opt/homebrew/lib/node_modules/appium/node_modules/readable-stream/lib/_stream_transform.js:166:10)
    at DerivedLogger.Transform._write (/opt/homebrew/lib/node_modules/appium/node_modules/readable-stream/lib/_stream_transform.js:155:83)
    at doWrite (/opt/homebrew/lib/node_modules/appium/node_modules/readable-stream/lib/_stream_writable.js:390:139)
2023-04-06 10:02:40:838 uncaughtException: write EPIPE
Error: write EPIPE
    at afterWriteDispatched (node:internal/stream_base_commons:160:15)
    at writeGeneric (node:internal/stream_base_commons:151:3)
    at Socket._writeGeneric (node:net:923:11)
    at Socket._write (node:net:935:8)
    at writeOrBuffer (node:internal/streams/writable:392:12)
    at _write (node:internal/streams/writable:333:10)
    at Socket.Writable.write (node:internal/streams/writable:337:10)
    at Console.log (/opt/homebrew/lib/node_modules/appium/node_modules/winston/lib/winston/transports/console.js:51:25)
    at Console._write (/opt/homebrew/lib/node_modules/appium/node_modules/winston-transport/index.js:103:17)
    at doWrite (/opt/homebrew/lib/node_modules/appium/node_modules/readable-stream/lib/_stream_writable.js:390:139)
    at writeOrBuffer (/opt/homebrew/lib/node_modules/appium/node_modules/readable-stream/lib/_stream_writable.js:381:5)
    at Console.Writable.write (/opt/homebrew/lib/node_modules/appium/node_modules/readable-stream/lib/_stream_writable.js:302:11)
    at DerivedLogger.ondata (/opt/homebrew/lib/node_modules/appium/node_modules/readable-stream/lib/_stream_readable.js:629:20)
    at DerivedLogger.emit (node:events:524:35)
    at addChunk (/opt/homebrew/lib/node_modules/appium/node_modules/readable-stream/lib/_stream_readable.js:279:12)
    at readableAddChunk (/opt/homebrew/lib/node_modules/appium/node_modules/readable-stream/lib/_stream_readable.js:262:11)
    at DerivedLogger.Readable.push (/opt/homebrew/lib/node_modules/appium/node_modules/readable-stream/lib/_stream_readable.js:228:10)
    at DerivedLogger.Transform.push (/opt/homebrew/lib/node_modules/appium/node_modules/readable-stream/lib/_stream_transform.js:132:32)
    at DerivedLogger._transform (/opt/homebrew/lib/node_modules/appium/node_modules/winston/lib/winston/logger.js:313:12)
    at DerivedLogger.Transform._read (/opt/homebrew/lib/node_modules/appium/node_modules/readable-stream/lib/_stream_transform.js:166:10)
    at DerivedLogger.Transform._write (/opt/homebrew/lib/node_modules/appium/node_modules/readable-stream/lib/_stream_transform.js:155:83)
    at doWrite (/opt/homebrew/lib/node_modules/appium/node_modules/readable-stream/lib/_stream_writable.js:390:139)
2023-04-06 10:02:40:838 uncaughtException: write EPIPE
Error: write EPIPE
    at afterWriteDispatched (node:internal/stream_base_commons:160:15)
    at writeGeneric (node:internal/stream_base_commons:151:3)
    at Socket._writeGeneric (node:net:923:11)
    at Socket._write (node:net:935:8)
    at writeOrBuffer (node:internal/streams/writable:392:12)
    at _write (node:internal/streams/writable:333:10)
    at Socket.Writable.write (node:internal/streams/writable:337:10)
    at Console.log (/opt/homebrew/lib/node_modules/appium/node_modules/winston/lib/winston/transports/console.js:51:25)
    at Console._write (/opt/homebrew/lib/node_modules/appium/node_modules/winston-transport/index.js:103:17)
    at doWrite (/opt/homebrew/lib/node_modules/appium/node_modules/readable-stream/lib/_stream_writable.js:390:139)
    at writeOrBuffer (/opt/homebrew/lib/node_modules/appium/node_modules/readable-stream/lib/_stream_writable.js:381:5)
    at Console.Writable.write (/opt/homebrew/lib/node_modules/appium/node_modules/readable-stream/lib/_stream_writable.js:302:11)
    at DerivedLogger.ondata (/opt/homebrew/lib/node_modules/appium/node_modules/readable-stream/lib/_stream_readable.js:629:20)
    at DerivedLogger.emit (node:events:524:35)
    at addChunk (/opt/homebrew/lib/node_modules/appium/node_modules/readable-stream/lib/_stream_readable.js:279:12)
    at readableAddChunk (/opt/homebrew/lib/node_modules/appium/node_modules/readable-stream/lib/_stream_readable.js:262:11)
    at DerivedLogger.Readable.push (/opt/homebrew/lib/node_modules/appium/node_modules/readable-stream/lib/_stream_readable.js:228:10)
    at DerivedLogger.Transform.push (/opt/homebrew/lib/node_modules/appium/node_modules/readable-stream/lib/_stream_transform.js:132:32)
    at DerivedLogger._transform (/opt/homebrew/lib/node_modules/appium/node_modules/winston/lib/winston/logger.js:313:12)
    at DerivedLogger.Transform._read (/opt/homebrew/lib/node_modules/appium/node_modules/readable-stream/lib/_stream_transform.js:166:10)
    at DerivedLogger.Transform._write (/opt/homebrew/lib/node_modules/appium/node_modules/readable-stream/lib/_stream_transform.js:155:83)
    at doWrite (/opt/homebrew/lib/node_modules/appium/node_modules/readable-stream/lib/_stream_writable.js:390:139)
2023-04-06 10:02:40:839 uncaughtException: write EPIPE
Error: write EPIPE
    at afterWriteDispatched (node:internal/stream_base_commons:160:15)
    at writeGeneric (node:internal/stream_base_commons:151:3)
    at Socket._writeGeneric (node:net:923:11)
    at Socket._write (node:net:935:8)
    at writeOrBuffer (node:internal/streams/writable:392:12)
    at _write (node:internal/streams/writable:333:10)
    at Socket.Writable.write (node:internal/streams/writable:337:10)
    at Console.log (/opt/homebrew/lib/node_modules/appium/node_modules/winston/lib/winston/transports/console.js:51:25)
    at Console._write (/opt/homebrew/lib/node_modules/appium/node_modules/winston-transport/index.js:103:17)
    at doWrite (/opt/homebrew/lib/node_modules/appium/node_modules/readable-stream/lib/_stream_writable.js:390:139)
    at writeOrBuffer (/opt/homebrew/lib/node_modules/appium/node_modules/readable-stream/lib/_stream_writable.js:381:5)
    at Console.Writable.write (/opt/homebrew/lib/node_modules/appium/node_modules/readable-stream/lib/_stream_writable.js:302:11)
    at DerivedLogger.ondata (/opt/homebrew/lib/node_modules/appium/node_modules/readable-stream/lib/_stream_readable.js:629:20)
    at DerivedLogger.emit (node:events:524:35)
    at addChunk (/opt/homebrew/lib/node_modules/appium/node_modules/readable-stream/lib/_stream_readable.js:279:12)
    at readableAddChunk (/opt/homebrew/lib/node_modules/appium/node_modules/readable-stream/lib/_stream_readable.js:262:11)
    at DerivedLogger.Readable.push (/opt/homebrew/lib/node_modules/appium/node_modules/readable-stream/lib/_stream_readable.js:228:10)
    at DerivedLogger.Transform.push (/opt/homebrew/lib/node_modules/appium/node_modules/readable-stream/lib/_stream_transform.js:132:32)
    at DerivedLogger._transform (/opt/homebrew/lib/node_modules/appium/node_modules/winston/lib/winston/logger.js:313:12)
    at DerivedLogger.Transform._read (/opt/homebrew/lib/node_modules/appium/node_modules/readable-stream/lib/_stream_transform.js:166:10)
    at DerivedLogger.Transform._write (/opt/homebrew/lib/node_modules/appium/node_modules/readable-stream/lib/_stream_transform.js:155:83)
    at doWrite (/opt/homebrew/lib/node_modules/appium/node_modules/readable-stream/lib/_stream_writable.js:390:139)
2023-04-06 10:02:40:839 uncaughtException: write EPIPE
Error: write EPIPE
    at afterWriteDispatched (node:internal/stream_base_commons:160:15)
    at writeGeneric (node:internal/stream_base_commons:151:3)
    at Socket._writeGeneric (node:net:923:11)
    at Socket._write (node:net:935:8)
    at writeOrBuffer (node:internal/streams/writable:392:12)
    at _write (node:internal/streams/writable:333:10)
    at Socket.Writable.write (node:internal/streams/writable:337:10)
    at Console.log (/opt/homebrew/lib/node_modules/appium/node_modules/winston/lib/winston/transports/console.js:51:25)
    at Console._write (/opt/homebrew/lib/node_modules/appium/node_modules/winston-transport/index.js:103:17)
    at doWrite (/opt/homebrew/lib/node_modules/appium/node_modules/readable-stream/lib/_stream_writable.js:390:139)
    at writeOrBuffer (/opt/homebrew/lib/node_modules/appium/node_modules/readable-stream/lib/_stream_writable.js:381:5)
    at Console.Writable.write (/opt/homebrew/lib/node_modules/appium/node_modules/readable-stream/lib/_stream_writable.js:302:11)
    at DerivedLogger.ondata (/opt/homebrew/lib/node_modules/appium/node_modules/readable-stream/lib/_stream_readable.js:629:20)
    at DerivedLogger.emit (node:events:524:35)
    at addChunk (/opt/homebrew/lib/node_modules/appium/node_modules/readable-stream/lib/_stream_readable.js:279:12)
    at readableAddChunk (/opt/homebrew/lib/node_modules/appium/node_modules/readable-stream/lib/_stream_readable.js:262:11)
    at DerivedLogger.Readable.push (/opt/homebrew/lib/node_modules/appium/node_modules/readable-stream/lib/_stream_readable.js:228:10)
    at DerivedLogger.Transform.push (/opt/homebrew/lib/node_modules/appium/node_modules/readable-stream/lib/_stream_transform.js:132:32)
    at DerivedLogger._transform (/opt/homebrew/lib/node_modules/appium/node_modules/winston/lib/winston/logger.js:313:12)
    at DerivedLogger.Transform._read (/opt/homebrew/lib/node_modules/appium/node_modules/readable-stream/lib/_stream_transform.js:166:10)
    at DerivedLogger.Transform._write (/opt/homebrew/lib/node_modules/appium/node_modules/readable-stream/lib/_stream_transform.js:155:83)
    at doWrite (/opt/homebrew/lib/node_modules/appium/node_modules/readable-stream/lib/_stream_writable.js:390:139)
